
*** Running vivado
    with args -log cla.vds -m64 -product Vivado -mode batch -messageDb vivado.pb -notrace -source cla.tcl


ECHO 处于关闭状态。
ECHO 处于关闭状态。

****** Vivado v2023.2 (64-bit)
  **** SW Build 4029153 on Fri Oct 13 20:14:34 MDT 2023
  **** IP Build 4028589 on Sat Oct 14 00:45:43 MDT 2023
  **** SharedData Build 4025554 on Tue Oct 10 17:18:54 MDT 2023
    ** Copyright 1986-2022 Xilinx, Inc. All Rights Reserved.
    ** Copyright 2022-2023 Advanced Micro Devices, Inc. All Rights Reserved.

source cla.tcl -notrace
Command: read_checkpoint -auto_incremental -incremental E:/DigitalCircuit-Verilog-Base-Learning/lab2/lab2.srcs/utils_1/imports/synth_1/cla.dcp
INFO: [Vivado 12-5825] Read reference checkpoint from E:/DigitalCircuit-Verilog-Base-Learning/lab2/lab2.srcs/utils_1/imports/synth_1/cla.dcp for incremental synthesis
INFO: [Vivado 12-7989] Please ensure there are no constraint changes
Command: synth_design -top cla -part xc7a100tlfgg484-2L
Starting synth_design
Attempting to get a license for feature 'Synthesis' and/or device 'xc7a100tl'
INFO: [Common 17-349] Got license for feature 'Synthesis' and/or device 'xc7a100tl'
INFO: [Device 21-403] Loading part xc7a100tlfgg484-2L
INFO: [Designutils 20-5440] No compile time benefit to using incremental synthesis; A full resynthesis will be run
INFO: [Designutils 20-4379] Flow is switching to default flow due to incremental criteria not met. If you would like to alter this behaviour and have the flow terminate instead, please set the following parameter config_implementation {autoIncr.Synth.RejectBehavior Terminate}
INFO: [Synth 8-7079] Multithreading enabled for synth_design using a maximum of 2 processes.
INFO: [Synth 8-7078] Launching helper process for spawning children vivado processes
INFO: [Synth 8-7075] Helper process launched with PID 50540
---------------------------------------------------------------------------------
Starting RTL Elaboration : Time (s): cpu = 00:00:01 ; elapsed = 00:00:04 . Memory (MB): peak = 1321.109 ; gain = 441.434
---------------------------------------------------------------------------------
INFO: [Synth 8-6157] synthesizing module 'cla' [E:/DigitalCircuit-Verilog-Base-Learning/lab2/lab2.srcs/sources_1/new/cla.v:63]
INFO: [Synth 8-6157] synthesizing module 'clafun' [E:/DigitalCircuit-Verilog-Base-Learning/lab2/lab2.srcs/sources_1/new/cla.v:88]
INFO: [Synth 8-6155] done synthesizing module 'clafun' (0#1) [E:/DigitalCircuit-Verilog-Base-Learning/lab2/lab2.srcs/sources_1/new/cla.v:88]
INFO: [Synth 8-6157] synthesizing module 'FullAdder' [E:/DigitalCircuit-Verilog-Base-Learning/lab2/lab2.srcs/sources_1/new/cla.v:80]
INFO: [Synth 8-6155] done synthesizing module 'FullAdder' (0#1) [E:/DigitalCircuit-Verilog-Base-Learning/lab2/lab2.srcs/sources_1/new/cla.v:80]
INFO: [Synth 8-6155] done synthesizing module 'cla' (0#1) [E:/DigitalCircuit-Verilog-Base-Learning/lab2/lab2.srcs/sources_1/new/cla.v:63]
---------------------------------------------------------------------------------
Finished RTL Elaboration : Time (s): cpu = 00:00:01 ; elapsed = 00:00:05 . Memory (MB): peak = 1427.648 ; gain = 547.973
---------------------------------------------------------------------------------
---------------------------------------------------------------------------------
Start Handling Custom Attributes
---------------------------------------------------------------------------------
---------------------------------------------------------------------------------
Finished Handling Custom Attributes : Time (s): cpu = 00:00:01 ; elapsed = 00:00:05 . Memory (MB): peak = 1427.648 ; gain = 547.973
---------------------------------------------------------------------------------
---------------------------------------------------------------------------------
Finished RTL Optimization Phase 1 : Time (s): cpu = 00:00:01 ; elapsed = 00:00:05 . Memory (MB): peak = 1427.648 ; gain = 547.973
---------------------------------------------------------------------------------
Netlist sorting complete. Time (s): cpu = 00:00:00 ; elapsed = 00:00:00.001 . Memory (MB): peak = 1427.648 ; gain = 0.000
INFO: [Project 1-570] Preparing netlist for logic optimization

Processing XDC Constraints
Initializing timing engine
Parsing XDC File [E:/DigitalCircuit-Verilog-Base-Learning/lab2/lab2.srcs/constrs_1/new/cla.xdc]
CRITICAL WARNING: [Designutils 20-1307] Command 'current_fileset' is not supported in the xdc constraint file. [E:/DigitalCircuit-Verilog-Base-Learning/lab2/lab2.srcs/constrs_1/new/cla.xdc:1]
CRITICAL WARNING: [Designutils 20-1307] Command 'get_filesets' is not supported in the xdc constraint file. [E:/DigitalCircuit-Verilog-Base-Learning/lab2/lab2.srcs/constrs_1/new/cla.xdc:1]
Finished Parsing XDC File [E:/DigitalCircuit-Verilog-Base-Learning/lab2/lab2.srcs/constrs_1/new/cla.xdc]
INFO: [Project 1-236] Implementation specific constraints were found while reading constraint file [E:/DigitalCircuit-Verilog-Base-Learning/lab2/lab2.srcs/constrs_1/new/cla.xdc]. These constraints will be ignored for synthesis but will be used in implementation. Impacted constraints are listed in the file [.Xil/cla_propImpl.xdc].
Resolution: To avoid this warning, move constraints listed in [.Xil/cla_propImpl.xdc] to another XDC file and exclude this new file from synthesis with the used_in_synthesis property (File Properties dialog in GUI) and re-run elaboration/synthesis.
Completed Processing XDC Constraints

Netlist sorting complete. Time (s): cpu = 00:00:00 ; elapsed = 00:00:00 . Memory (MB): peak = 1438.289 ; gain = 0.000
INFO: [Project 1-111] Unisim Transformation Summary:
No Unisim elements were transformed.

系统找不到指定的路径。
Constraint Validation Runtime : Time (s): cpu = 00:00:00 ; elapsed = 00:00:00.001 . Memory (MB): peak = 1438.289 ; gain = 0.000
INFO: [Designutils 20-5440] No compile time benefit to using incremental synthesis; A full resynthesis will be run
INFO: [Designutils 20-4379] Flow is switching to default flow due to incremental criteria not met. If you would like to alter this behaviour and have the flow terminate instead, please set the following parameter config_implementation {autoIncr.Synth.RejectBehavior Terminate}
---------------------------------------------------------------------------------
Finished Constraint Validation : Time (s): cpu = 00:00:01 ; elapsed = 00:00:10 . Memory (MB): peak = 1438.289 ; gain = 558.613
---------------------------------------------------------------------------------
---------------------------------------------------------------------------------
Start Loading Part and Timing Information
---------------------------------------------------------------------------------
Loading part: xc7a100tlfgg484-2L
---------------------------------------------------------------------------------
Finished Loading Part and Timing Information : Time (s): cpu = 00:00:01 ; elapsed = 00:00:10 . Memory (MB): peak = 1438.289 ; gain = 558.613
---------------------------------------------------------------------------------
---------------------------------------------------------------------------------
Start Applying 'set_property' XDC Constraints
---------------------------------------------------------------------------------
---------------------------------------------------------------------------------
Finished applying 'set_property' XDC Constraints : Time (s): cpu = 00:00:01 ; elapsed = 00:00:10 . Memory (MB): peak = 1438.289 ; gain = 558.613
---------------------------------------------------------------------------------
---------------------------------------------------------------------------------
Finished RTL Optimization Phase 2 : Time (s): cpu = 00:00:01 ; elapsed = 00:00:11 . Memory (MB): peak = 1438.289 ; gain = 558.613
---------------------------------------------------------------------------------
---------------------------------------------------------------------------------
Start RTL Component Statistics 
---------------------------------------------------------------------------------
Detailed RTL Component Info : 
+---XORs : 
	   3 Input      1 Bit         XORs := 4     
---------------------------------------------------------------------------------
Finished RTL Component Statistics 
---------------------------------------------------------------------------------
---------------------------------------------------------------------------------
Start Part Resource Summary
---------------------------------------------------------------------------------
Part Resources:
DSPs: 240 (col length:80)
BRAMs: 270 (col length: RAMB18 80 RAMB36 40)
---------------------------------------------------------------------------------
Finished Part Resource Summary
---------------------------------------------------------------------------------
---------------------------------------------------------------------------------
Start Cross Boundary and Area Optimization
---------------------------------------------------------------------------------
WARNING: [Synth 8-7080] Parallel synthesis criteria is not met
---------------------------------------------------------------------------------
Finished Cross Boundary and Area Optimization : Time (s): cpu = 00:00:01 ; elapsed = 00:00:12 . Memory (MB): peak = 1438.289 ; gain = 558.613
---------------------------------------------------------------------------------
---------------------------------------------------------------------------------
Start Applying XDC Timing Constraints
---------------------------------------------------------------------------------
---------------------------------------------------------------------------------
Finished Applying XDC Timing Constraints : Time (s): cpu = 00:00:01 ; elapsed = 00:00:16 . Memory (MB): peak = 1438.289 ; gain = 558.613
---------------------------------------------------------------------------------
---------------------------------------------------------------------------------
Start Timing Optimization
---------------------------------------------------------------------------------
---------------------------------------------------------------------------------
Finished Timing Optimization : Time (s): cpu = 00:00:01 ; elapsed = 00:00:16 . Memory (MB): peak = 1438.289 ; gain = 558.613
---------------------------------------------------------------------------------
---------------------------------------------------------------------------------
Start Technology Mapping
---------------------------------------------------------------------------------
---------------------------------------------------------------------------------
Finished Technology Mapping : Time (s): cpu = 00:00:01 ; elapsed = 00:00:16 . Memory (MB): peak = 1438.289 ; gain = 558.613
---------------------------------------------------------------------------------
---------------------------------------------------------------------------------
Start IO Insertion
---------------------------------------------------------------------------------
---------------------------------------------------------------------------------
Start Flattening Before IO Insertion
---------------------------------------------------------------------------------
---------------------------------------------------------------------------------
Finished Flattening Before IO Insertion
---------------------------------------------------------------------------------
---------------------------------------------------------------------------------
Start Final Netlist Cleanup
---------------------------------------------------------------------------------
---------------------------------------------------------------------------------
Finished Final Netlist Cleanup
---------------------------------------------------------------------------------
---------------------------------------------------------------------------------
Finished IO Insertion : Time (s): cpu = 00:00:01 ; elapsed = 00:00:19 . Memory (MB): peak = 1438.289 ; gain = 558.613
---------------------------------------------------------------------------------
---------------------------------------------------------------------------------
Start Renaming Generated Instances
---------------------------------------------------------------------------------
---------------------------------------------------------------------------------
Finished Renaming Generated Instances : Time (s): cpu = 00:00:01 ; elapsed = 00:00:19 . Memory (MB): peak = 1438.289 ; gain = 558.613
---------------------------------------------------------------------------------
---------------------------------------------------------------------------------
Start Rebuilding User Hierarchy
---------------------------------------------------------------------------------
---------------------------------------------------------------------------------
Finished Rebuilding User Hierarchy : Time (s): cpu = 00:00:01 ; elapsed = 00:00:19 . Memory (MB): peak = 1438.289 ; gain = 558.613
---------------------------------------------------------------------------------
---------------------------------------------------------------------------------
Start Renaming Generated Ports
---------------------------------------------------------------------------------
---------------------------------------------------------------------------------
Finished Renaming Generated Ports : Time (s): cpu = 00:00:01 ; elapsed = 00:00:19 . Memory (MB): peak = 1438.289 ; gain = 558.613
---------------------------------------------------------------------------------
---------------------------------------------------------------------------------
Start Handling Custom Attributes
---------------------------------------------------------------------------------
---------------------------------------------------------------------------------
Finished Handling Custom Attributes : Time (s): cpu = 00:00:01 ; elapsed = 00:00:19 . Memory (MB): peak = 1438.289 ; gain = 558.613
---------------------------------------------------------------------------------
---------------------------------------------------------------------------------
Start Renaming Generated Nets
---------------------------------------------------------------------------------
---------------------------------------------------------------------------------
Finished Renaming Generated Nets : Time (s): cpu = 00:00:01 ; elapsed = 00:00:19 . Memory (MB): peak = 1438.289 ; gain = 558.613
---------------------------------------------------------------------------------
---------------------------------------------------------------------------------
Start Writing Synthesis Report
---------------------------------------------------------------------------------

Report BlackBoxes: 
+-+--------------+----------+
| |BlackBox name |Instances |
+-+--------------+----------+
+-+--------------+----------+

Report Cell Usage: 
+------+-----+------+
|      |Cell |Count |
+------+-----+------+
|1     |LUT3 |     2|
|2     |LUT5 |     4|
|3     |IBUF |     9|
|4     |OBUF |     5|
+------+-----+------+
---------------------------------------------------------------------------------
Finished Writing Synthesis Report : Time (s): cpu = 00:00:01 ; elapsed = 00:00:19 . Memory (MB): peak = 1438.289 ; gain = 558.613
---------------------------------------------------------------------------------
Synthesis finished with 0 errors, 0 critical warnings and 1 warnings.
Synthesis Optimization Runtime : Time (s): cpu = 00:00:00 ; elapsed = 00:00:18 . Memory (MB): peak = 1438.289 ; gain = 547.973
Synthesis Optimization Complete : Time (s): cpu = 00:00:01 ; elapsed = 00:00:19 . Memory (MB): peak = 1438.289 ; gain = 558.613
INFO: [Project 1-571] Translating synthesized netlist
Netlist sorting complete. Time (s): cpu = 00:00:00 ; elapsed = 00:00:00 . Memory (MB): peak = 1440.352 ; gain = 0.000
INFO: [Project 1-570] Preparing netlist for logic optimization
INFO: [Opt 31-138] Pushed 0 inverter(s) to 0 load pin(s).
Netlist sorting complete. Time (s): cpu = 00:00:00 ; elapsed = 00:00:00 . Memory (MB): peak = 1444.020 ; gain = 0.000
INFO: [Project 1-111] Unisim Transformation Summary:
No Unisim elements were transformed.

系统找不到指定的路径。
Synth Design complete | Checksum: d647ea37
INFO: [Common 17-83] Releasing license: Synthesis
25 Infos, 1 Warnings, 2 Critical Warnings and 0 Errors encountered.
synth_design completed successfully
synth_design: Time (s): cpu = 00:00:02 ; elapsed = 00:00:22 . Memory (MB): peak = 1444.020 ; gain = 972.832
INFO: [runtcl-6] Synthesis results are not added to the cache due to CRITICAL_WARNING
Write ShapeDB Complete: Time (s): cpu = 00:00:00 ; elapsed = 00:00:00.001 . Memory (MB): peak = 1444.020 ; gain = 0.000
INFO: [Common 17-1381] The checkpoint 'E:/DigitalCircuit-Verilog-Base-Learning/lab2/lab2.runs/synth_1_copy_1/cla.dcp' has been generated.
INFO: [runtcl-4] Executing : report_utilization -file cla_utilization_synth.rpt -pb cla_utilization_synth.pb
INFO: [Common 17-206] Exiting Vivado at Fri Dec  8 15:05:15 2023...
